{
  "stats": {
    "suites": 10,
    "tests": 17,
    "passes": 17,
    "pending": 0,
    "failures": 0,
    "start": "2022-11-10T00:19:16.230Z",
    "end": "2022-11-10T00:19:16.239Z",
    "duration": 9,
    "testsRegistered": 17,
    "passPercent": 100,
    "pendingPercent": 0,
    "other": 0,
    "hasOther": false,
    "skipped": 0,
    "hasSkipped": false
  },
  "results": [
    {
      "uuid": "7ee7007d-03e1-4635-ae4e-f14a4e2a9357",
      "title": "",
      "fullFile": "",
      "file": "",
      "beforeHooks": [
        {
          "title": "\"before each\" hook: beforeEach in \"{root}\"",
          "fullTitle": "\"before each\" hook: beforeEach in \"{root}\"",
          "timedOut": false,
          "duration": 0,
          "state": null,
          "speed": null,
          "pass": false,
          "fail": false,
          "pending": false,
          "context": null,
          "code": "console.log(\"This is a root level before each\");",
          "err": {},
          "uuid": "46c459ba-2c6f-4410-870d-eecacf320aaf",
          "parentUUID": "7ee7007d-03e1-4635-ae4e-f14a4e2a9357",
          "isHook": true,
          "skipped": false
        }
      ],
      "afterHooks": [],
      "tests": [],
      "suites": [
        {
          "uuid": "b4364acc-8517-4f57-9cc0-48b2bbdd47c0",
          "title": "Testing the add() function - alt",
          "fullFile": "/Users/suneelkandali/Apps/Training/Selenium/tests/dynamic_tests.spec.ts",
          "file": "/tests/dynamic_tests.spec.ts",
          "beforeHooks": [],
          "afterHooks": [],
          "tests": [
            {
              "title": "correctly adds two numbers",
              "fullTitle": "Testing the add() function - alt correctly adds two numbers",
              "timedOut": false,
              "duration": 0,
              "state": "passed",
              "speed": "fast",
              "pass": true,
              "fail": false,
              "pending": false,
              "context": null,
              "code": "const res = add(arr);\nassert_1.default.equal(res, expected);",
              "err": {},
              "uuid": "4d993512-ee84-4536-858d-e4ba146e073c",
              "parentUUID": "b4364acc-8517-4f57-9cc0-48b2bbdd47c0",
              "isHook": false,
              "skipped": false
            },
            {
              "title": "correctly adds three numbers",
              "fullTitle": "Testing the add() function - alt correctly adds three numbers",
              "timedOut": false,
              "duration": 0,
              "state": "passed",
              "speed": "fast",
              "pass": true,
              "fail": false,
              "pending": false,
              "context": null,
              "code": "const res = add(arr);\nassert_1.default.equal(res, expected);",
              "err": {},
              "uuid": "5969c195-5a26-4dfb-9e7a-403dc6a3b189",
              "parentUUID": "b4364acc-8517-4f57-9cc0-48b2bbdd47c0",
              "isHook": false,
              "skipped": false
            },
            {
              "title": "correctly adds four numbers",
              "fullTitle": "Testing the add() function - alt correctly adds four numbers",
              "timedOut": false,
              "duration": 0,
              "state": "passed",
              "speed": "fast",
              "pass": true,
              "fail": false,
              "pending": false,
              "context": null,
              "code": "const res = add(arr);\nassert_1.default.equal(res, expected);",
              "err": {},
              "uuid": "ceeea947-1861-45d5-bb96-8d4245224faa",
              "parentUUID": "b4364acc-8517-4f57-9cc0-48b2bbdd47c0",
              "isHook": false,
              "skipped": false
            }
          ],
          "suites": [],
          "passes": [
            "4d993512-ee84-4536-858d-e4ba146e073c",
            "5969c195-5a26-4dfb-9e7a-403dc6a3b189",
            "ceeea947-1861-45d5-bb96-8d4245224faa"
          ],
          "failures": [],
          "pending": [],
          "skipped": [],
          "duration": 0,
          "root": false,
          "rootEmpty": false,
          "_timeout": 2000
        },
        {
          "uuid": "7dd6ad72-15ea-41e3-b270-292f1137c6b5",
          "title": "Testing the add() function",
          "fullFile": "/Users/suneelkandali/Apps/Training/Selenium/tests/dynamic_tests.spec.ts",
          "file": "/tests/dynamic_tests.spec.ts",
          "beforeHooks": [],
          "afterHooks": [],
          "tests": [
            {
              "title": "correctly adds 2 numbers",
              "fullTitle": "Testing the add() function correctly adds 2 numbers",
              "timedOut": false,
              "duration": 0,
              "state": "passed",
              "speed": "fast",
              "pass": true,
              "fail": false,
              "pending": false,
              "context": null,
              "code": "const res = add(arr);\nassert_1.default.equal(res, expected);",
              "err": {},
              "uuid": "e1297c7b-ebd6-4c5e-8a02-e8ba23f8e23c",
              "parentUUID": "7dd6ad72-15ea-41e3-b270-292f1137c6b5",
              "isHook": false,
              "skipped": false
            },
            {
              "title": "correctly adds 3 numbers",
              "fullTitle": "Testing the add() function correctly adds 3 numbers",
              "timedOut": false,
              "duration": 0,
              "state": "passed",
              "speed": "fast",
              "pass": true,
              "fail": false,
              "pending": false,
              "context": null,
              "code": "const res = add(arr);\nassert_1.default.equal(res, expected);",
              "err": {},
              "uuid": "137e8630-9335-47ca-9421-098c6c1872c8",
              "parentUUID": "7dd6ad72-15ea-41e3-b270-292f1137c6b5",
              "isHook": false,
              "skipped": false
            },
            {
              "title": "correctly adds 4 numbers",
              "fullTitle": "Testing the add() function correctly adds 4 numbers",
              "timedOut": false,
              "duration": 0,
              "state": "passed",
              "speed": "fast",
              "pass": true,
              "fail": false,
              "pending": false,
              "context": null,
              "code": "const res = add(arr);\nassert_1.default.equal(res, expected);",
              "err": {},
              "uuid": "914e9b1c-f63e-4f00-b2f3-4e0cce803765",
              "parentUUID": "7dd6ad72-15ea-41e3-b270-292f1137c6b5",
              "isHook": false,
              "skipped": false
            }
          ],
          "suites": [],
          "passes": [
            "e1297c7b-ebd6-4c5e-8a02-e8ba23f8e23c",
            "137e8630-9335-47ca-9421-098c6c1872c8",
            "914e9b1c-f63e-4f00-b2f3-4e0cce803765"
          ],
          "failures": [],
          "pending": [],
          "skipped": [],
          "duration": 0,
          "root": false,
          "rootEmpty": false,
          "_timeout": 2000
        },
        {
          "uuid": "9130a9bc-fe5b-4059-a1a9-dc9ea69a92d5",
          "title": "Testing Math functions",
          "fullFile": "/Users/suneelkandali/Apps/Training/Selenium/tests/first_test.spec.ts",
          "file": "/tests/first_test.spec.ts",
          "beforeHooks": [],
          "afterHooks": [],
          "tests": [],
          "suites": [
            {
              "uuid": "a69550b9-6620-4dc8-8d60-c9e36e633fb3",
              "title": "Testing Square root",
              "fullFile": "/Users/suneelkandali/Apps/Training/Selenium/tests/first_test.spec.ts",
              "file": "/tests/first_test.spec.ts",
              "beforeHooks": [],
              "afterHooks": [],
              "tests": [
                {
                  "title": "should return 5 when you compute the square root of 25",
                  "fullTitle": "Testing Math functions Testing Square root should return 5 when you compute the square root of 25",
                  "timedOut": false,
                  "duration": 0,
                  "state": "passed",
                  "speed": "fast",
                  "pass": true,
                  "fail": false,
                  "pending": false,
                  "context": null,
                  "code": "assert_1.default.equal(Math.sqrt(25), 5);",
                  "err": {},
                  "uuid": "525c9bd1-64a6-49cb-bd40-cf922b34eb47",
                  "parentUUID": "a69550b9-6620-4dc8-8d60-c9e36e633fb3",
                  "isHook": false,
                  "skipped": false
                },
                {
                  "title": "should return 7 when you compute the square root of 49",
                  "fullTitle": "Testing Math functions Testing Square root should return 7 when you compute the square root of 49",
                  "timedOut": false,
                  "duration": 0,
                  "state": "passed",
                  "speed": "fast",
                  "pass": true,
                  "fail": false,
                  "pending": false,
                  "context": null,
                  "code": "assert_1.default.equal(Math.sqrt(49), 7);",
                  "err": {},
                  "uuid": "b0e6cd0a-84f0-4b97-9af5-a328edf98139",
                  "parentUUID": "a69550b9-6620-4dc8-8d60-c9e36e633fb3",
                  "isHook": false,
                  "skipped": false
                }
              ],
              "suites": [],
              "passes": [
                "525c9bd1-64a6-49cb-bd40-cf922b34eb47",
                "b0e6cd0a-84f0-4b97-9af5-a328edf98139"
              ],
              "failures": [],
              "pending": [],
              "skipped": [],
              "duration": 0,
              "root": false,
              "rootEmpty": false,
              "_timeout": 2000
            },
            {
              "uuid": "d5b00ef9-b680-4cee-a982-c498c7d90532",
              "title": "Testing the Pow function",
              "fullFile": "/Users/suneelkandali/Apps/Training/Selenium/tests/first_test.spec.ts",
              "file": "/tests/first_test.spec.ts",
              "beforeHooks": [],
              "afterHooks": [],
              "tests": [
                {
                  "title": "should return 25 when you compute the power of 5",
                  "fullTitle": "Testing Math functions Testing the Pow function should return 25 when you compute the power of 5",
                  "timedOut": false,
                  "duration": 0,
                  "state": "passed",
                  "speed": "fast",
                  "pass": true,
                  "fail": false,
                  "pending": false,
                  "context": null,
                  "code": "assert_1.default.equal(Math.pow(5, 2), 25);",
                  "err": {},
                  "uuid": "09087b92-746b-414c-8316-efdf6baaeb02",
                  "parentUUID": "d5b00ef9-b680-4cee-a982-c498c7d90532",
                  "isHook": false,
                  "skipped": false
                }
              ],
              "suites": [],
              "passes": [
                "09087b92-746b-414c-8316-efdf6baaeb02"
              ],
              "failures": [],
              "pending": [],
              "skipped": [],
              "duration": 0,
              "root": false,
              "rootEmpty": false,
              "_timeout": 2000
            }
          ],
          "passes": [],
          "failures": [],
          "pending": [],
          "skipped": [],
          "duration": 0,
          "root": false,
          "rootEmpty": false,
          "_timeout": 2000
        },
        {
          "uuid": "ce7820e4-9cc2-4ee2-95b9-de74bd326b16",
          "title": "Testing Math functions",
          "fullFile": "/Users/suneelkandali/Apps/Training/Selenium/tests/second_test.spec.ts",
          "file": "/tests/second_test.spec.ts",
          "beforeHooks": [],
          "afterHooks": [],
          "tests": [],
          "suites": [
            {
              "uuid": "ffa3ec8d-4301-4867-9a08-d0c950fd4e59",
              "title": "Testing Sum of two numbers",
              "fullFile": "/Users/suneelkandali/Apps/Training/Selenium/tests/second_test.spec.ts",
              "file": "/tests/second_test.spec.ts",
              "beforeHooks": [],
              "afterHooks": [],
              "tests": [
                {
                  "title": "should return 5 when 2 and 3 added",
                  "fullTitle": "Testing Math functions Testing Sum of two numbers should return 5 when 2 and 3 added",
                  "timedOut": false,
                  "duration": 0,
                  "state": "passed",
                  "speed": "fast",
                  "pass": true,
                  "fail": false,
                  "pending": false,
                  "context": null,
                  "code": "assert_1.default.equal((2 + 3), 5);",
                  "err": {},
                  "uuid": "02e110ac-459d-48a3-9ec8-8a80ed43a76d",
                  "parentUUID": "ffa3ec8d-4301-4867-9a08-d0c950fd4e59",
                  "isHook": false,
                  "skipped": false
                },
                {
                  "title": "should return 7 when added 4 and 3",
                  "fullTitle": "Testing Math functions Testing Sum of two numbers should return 7 when added 4 and 3",
                  "timedOut": false,
                  "duration": 0,
                  "state": "passed",
                  "speed": "fast",
                  "pass": true,
                  "fail": false,
                  "pending": false,
                  "context": null,
                  "code": "assert_1.default.equal((4 + 3), 7);",
                  "err": {},
                  "uuid": "2802aa34-85a7-49b7-b21f-b649755a4e21",
                  "parentUUID": "ffa3ec8d-4301-4867-9a08-d0c950fd4e59",
                  "isHook": false,
                  "skipped": false
                }
              ],
              "suites": [],
              "passes": [
                "02e110ac-459d-48a3-9ec8-8a80ed43a76d",
                "2802aa34-85a7-49b7-b21f-b649755a4e21"
              ],
              "failures": [],
              "pending": [],
              "skipped": [],
              "duration": 0,
              "root": false,
              "rootEmpty": false,
              "_timeout": 2000
            },
            {
              "uuid": "30ba6a5e-a94b-42d1-8d65-b92158905319",
              "title": "Testing difference of two numbers",
              "fullFile": "/Users/suneelkandali/Apps/Training/Selenium/tests/second_test.spec.ts",
              "file": "/tests/second_test.spec.ts",
              "beforeHooks": [],
              "afterHooks": [],
              "tests": [
                {
                  "title": "should return 1 when subtracted 2 from 3",
                  "fullTitle": "Testing Math functions Testing difference of two numbers should return 1 when subtracted 2 from 3",
                  "timedOut": false,
                  "duration": 0,
                  "state": "passed",
                  "speed": "fast",
                  "pass": true,
                  "fail": false,
                  "pending": false,
                  "context": null,
                  "code": "assert_1.default.equal((3 - 2), 1);",
                  "err": {},
                  "uuid": "99985c56-20b7-4572-a345-63492c044492",
                  "parentUUID": "30ba6a5e-a94b-42d1-8d65-b92158905319",
                  "isHook": false,
                  "skipped": false
                },
                {
                  "title": "should return 4 when subtracted 4 from 10",
                  "fullTitle": "Testing Math functions Testing difference of two numbers should return 4 when subtracted 4 from 10",
                  "timedOut": false,
                  "duration": 0,
                  "state": "passed",
                  "speed": "fast",
                  "pass": true,
                  "fail": false,
                  "pending": false,
                  "context": null,
                  "code": "assert_1.default.equal((10 - 4), 6);",
                  "err": {},
                  "uuid": "680b1b54-9fe8-44f0-8205-4fe7da96734a",
                  "parentUUID": "30ba6a5e-a94b-42d1-8d65-b92158905319",
                  "isHook": false,
                  "skipped": false
                }
              ],
              "suites": [],
              "passes": [
                "99985c56-20b7-4572-a345-63492c044492",
                "680b1b54-9fe8-44f0-8205-4fe7da96734a"
              ],
              "failures": [],
              "pending": [],
              "skipped": [],
              "duration": 0,
              "root": false,
              "rootEmpty": false,
              "_timeout": 2000
            },
            {
              "uuid": "8d841583-3711-4bf2-99d9-03881bc7fc82",
              "title": "Testing product of two numbers",
              "fullFile": "/Users/suneelkandali/Apps/Training/Selenium/tests/second_test.spec.ts",
              "file": "/tests/second_test.spec.ts",
              "beforeHooks": [],
              "afterHooks": [],
              "tests": [
                {
                  "title": "should return 10 when multiply 2 by 3",
                  "fullTitle": "Testing Math functions Testing product of two numbers should return 10 when multiply 2 by 3",
                  "timedOut": false,
                  "duration": 0,
                  "state": "passed",
                  "speed": "fast",
                  "pass": true,
                  "fail": false,
                  "pending": false,
                  "context": null,
                  "code": "assert_1.default.equal((2 * 3), 6);",
                  "err": {},
                  "uuid": "4eeae4bd-d124-4563-be21-ecad8b1c55f4",
                  "parentUUID": "8d841583-3711-4bf2-99d9-03881bc7fc82",
                  "isHook": false,
                  "skipped": false
                },
                {
                  "title": "should return 10 when multiply  5 by 5",
                  "fullTitle": "Testing Math functions Testing product of two numbers should return 10 when multiply  5 by 5",
                  "timedOut": false,
                  "duration": 0,
                  "state": "passed",
                  "speed": "fast",
                  "pass": true,
                  "fail": false,
                  "pending": false,
                  "context": null,
                  "code": "assert_1.default.equal((5 * 5), 25);",
                  "err": {},
                  "uuid": "27255646-3ee4-45ae-9ba2-5f30d326f61d",
                  "parentUUID": "8d841583-3711-4bf2-99d9-03881bc7fc82",
                  "isHook": false,
                  "skipped": false
                }
              ],
              "suites": [],
              "passes": [
                "4eeae4bd-d124-4563-be21-ecad8b1c55f4",
                "27255646-3ee4-45ae-9ba2-5f30d326f61d"
              ],
              "failures": [],
              "pending": [],
              "skipped": [],
              "duration": 0,
              "root": false,
              "rootEmpty": false,
              "_timeout": 2000
            },
            {
              "uuid": "7ec7da4c-8ac8-4e00-895a-4b952b09c5aa",
              "title": "Testing quotient of two numbers",
              "fullFile": "/Users/suneelkandali/Apps/Training/Selenium/tests/second_test.spec.ts",
              "file": "/tests/second_test.spec.ts",
              "beforeHooks": [],
              "afterHooks": [],
              "tests": [
                {
                  "title": "should return 2 when 10 divided by 5",
                  "fullTitle": "Testing Math functions Testing quotient of two numbers should return 2 when 10 divided by 5",
                  "timedOut": false,
                  "duration": 0,
                  "state": "passed",
                  "speed": "fast",
                  "pass": true,
                  "fail": false,
                  "pending": false,
                  "context": null,
                  "code": "assert_1.default.equal((10 / 5), 2);",
                  "err": {},
                  "uuid": "4bcf9e8f-8600-428a-8930-7c773f7ec30b",
                  "parentUUID": "7ec7da4c-8ac8-4e00-895a-4b952b09c5aa",
                  "isHook": false,
                  "skipped": false
                },
                {
                  "title": "should return 5 when 25 divided by 5",
                  "fullTitle": "Testing Math functions Testing quotient of two numbers should return 5 when 25 divided by 5",
                  "timedOut": false,
                  "duration": 0,
                  "state": "passed",
                  "speed": "fast",
                  "pass": true,
                  "fail": false,
                  "pending": false,
                  "context": null,
                  "code": "assert_1.default.equal((25 / 5), 5);",
                  "err": {},
                  "uuid": "13121569-c05e-4719-bbde-a3ef809a31b1",
                  "parentUUID": "7ec7da4c-8ac8-4e00-895a-4b952b09c5aa",
                  "isHook": false,
                  "skipped": false
                }
              ],
              "suites": [],
              "passes": [
                "4bcf9e8f-8600-428a-8930-7c773f7ec30b",
                "13121569-c05e-4719-bbde-a3ef809a31b1"
              ],
              "failures": [],
              "pending": [],
              "skipped": [],
              "duration": 0,
              "root": false,
              "rootEmpty": false,
              "_timeout": 2000
            }
          ],
          "passes": [],
          "failures": [],
          "pending": [],
          "skipped": [],
          "duration": 0,
          "root": false,
          "rootEmpty": false,
          "_timeout": 2000
        }
      ],
      "passes": [],
      "failures": [],
      "pending": [],
      "skipped": [],
      "duration": 0,
      "root": true,
      "rootEmpty": true,
      "_timeout": 2000
    }
  ],
  "meta": {
    "mocha": {
      "version": "10.1.0"
    },
    "mochawesome": {
      "options": {
        "quiet": false,
        "reportFilename": "mochawesome",
        "saveHtml": true,
        "saveJson": true,
        "consoleReporter": "spec",
        "useInlineDiffs": false,
        "code": true
      },
      "version": "7.1.3"
    },
    "marge": {
      "options": null,
      "version": "6.2.0"
    }
  }
}